# JRE version: Java(TM) SE Runtime Environment (8.0_171-b11) (build 1.8.0_171-b11)
# Java VM: Java HotSpot(TM) 64-Bit Server VM (25.171-b11 mixed mode windows-amd64 compressed oops)
Heap:
 PSYoungGen      total 516608K, used 402669K [0x00000000d5b80000, 0x00000000fc980000, 0x0000000100000000)
  eden space 438272K, 74% used [0x00000000d5b80000,0x00000000e9a1b0f8,0x00000000f0780000)
  from space 78336K, 97% used [0x00000000f6100000,0x00000000faba0640,0x00000000fad80000)
  to   space 91648K, 0% used [0x00000000f0780000,0x00000000f0780000,0x00000000f6100000)
 ParOldGen       total 463360K, used 354150K [0x0000000081200000, 0x000000009d680000, 0x00000000d5b80000)
  object space 463360K, 76% used [0x0000000081200000,0x0000000096bd9b58,0x000000009d680000)
 Metaspace       used 14339K, capacity 14568K, committed 14848K, reserved 1062912K
  class space    used 1678K, capacity 1747K, committed 1792K, reserved 1048576K
GC Heap History (10 events):
Event: 6.981 GC heap before
{Heap before GC invocations=28 (full 10):
 PSYoungGen      total 325632K, used 288768K [0x00000000d5b80000, 0x00000000efc00000, 0x0000000100000000)
  eden space 288768K, 100% used [0x00000000d5b80000,0x00000000e7580000,0x00000000e7580000)
  from space 36864K, 0% used [0x00000000e7580000,0x00000000e7580000,0x00000000e9980000)
  to   space 43008K, 0% used [0x00000000ed200000,0x00000000ed200000,0x00000000efc00000)
 ParOldGen       total 463360K, used 76534K [0x0000000081200000, 0x000000009d680000, 0x00000000d5b80000)
  object space 463360K, 16% used [0x0000000081200000,0x0000000085cbdbf0,0x000000009d680000)
 Metaspace       used 14279K, capacity 14504K, committed 14592K, reserved 1062912K
  class space    used 1678K, capacity 1747K, committed 1792K, reserved 1048576K
Event: 6.992 GC heap after
Heap after GC invocations=28 (full 10):
 PSYoungGen      total 376832K, used 39910K [0x00000000d5b80000, 0x00000000f0800000, 0x0000000100000000)
  eden space 333824K, 0% used [0x00000000d5b80000,0x00000000d5b80000,0x00000000ea180000)
  from space 43008K, 92% used [0x00000000ed200000,0x00000000ef8f9860,0x00000000efc00000)
  to   space 49664K, 0% used [0x00000000ea180000,0x00000000ea180000,0x00000000ed200000)
 ParOldGen       total 463360K, used 89665K [0x0000000081200000, 0x000000009d680000, 0x00000000d5b80000)
  object space 463360K, 19% used [0x0000000081200000,0x0000000086990410,0x000000009d680000)
 Metaspace       used 14279K, capacity 14504K, committed 14592K, reserved 1062912K
  class space    used 1678K, capacity 1747K, committed 1792K, reserved 1048576K
}
Event: 7.398 GC heap before
{Heap before GC invocations=29 (full 10):
 PSYoungGen      total 376832K, used 373734K [0x00000000d5b80000, 0x00000000f0800000, 0x0000000100000000)
  eden space 333824K, 100% used [0x00000000d5b80000,0x00000000ea180000,0x00000000ea180000)
  from space 43008K, 92% used [0x00000000ed200000,0x00000000ef8f9860,0x00000000efc00000)
  to   space 49664K, 0% used [0x00000000ea180000,0x00000000ea180000,0x00000000ed200000)
 ParOldGen       total 463360K, used 121782K [0x0000000081200000, 0x000000009d680000, 0x00000000d5b80000)
  object space 463360K, 26% used [0x0000000081200000,0x00000000888edbb0,0x000000009d680000)
 Metaspace       used 14294K, capacity 14504K, committed 14592K, reserved 1062912K
  class space    used 1678K, capacity 1747K, committed 1792K, reserved 1048576K
Event: 7.408 GC heap after
Heap after GC invocations=29 (full 10):
 PSYoungGen      total 383488K, used 46823K [0x00000000d5b80000, 0x00000000f4900000, 0x0000000100000000)
  eden space 333824K, 0% used [0x00000000d5b80000,0x00000000d5b80000,0x00000000ea180000)
  from space 49664K, 94% used [0x00000000ea180000,0x00000000ecf39c70,0x00000000ed200000)
  to   space 57856K, 0% used [0x00000000f1080000,0x00000000f1080000,0x00000000f4900000)
 ParOldGen       total 463360K, used 128343K [0x0000000081200000, 0x000000009d680000, 0x00000000d5b80000)
  object space 463360K, 27% used [0x0000000081200000,0x0000000088f55fc0,0x000000009d680000)
 Metaspace       used 14294K, capacity 14504K, committed 14592K, reserved 1062912K
  class space    used 1678K, capacity 1747K, committed 1792K, reserved 1048576K
}
Event: 7.770 GC heap before
{Heap before GC invocations=30 (full 10):
 PSYoungGen      total 383488K, used 380647K [0x00000000d5b80000, 0x00000000f4900000, 0x0000000100000000)
  eden space 333824K, 100% used [0x00000000d5b80000,0x00000000ea180000,0x00000000ea180000)
  from space 49664K, 94% used [0x00000000ea180000,0x00000000ecf39c70,0x00000000ed200000)
  to   space 57856K, 0% used [0x00000000f1080000,0x00000000f1080000,0x00000000f4900000)
 ParOldGen       total 463360K, used 138111K [0x0000000081200000, 0x000000009d680000, 0x00000000d5b80000)
  object space 463360K, 29% used [0x0000000081200000,0x00000000898dff88,0x000000009d680000)
 Metaspace       used 14297K, capacity 14504K, committed 14592K, reserved 1062912K
  class space    used 1678K, capacity 1747K, committed 1792K, reserved 1048576K
Event: 7.791 GC heap after
Heap after GC invocations=30 (full 10):
 PSYoungGen      total 438272K, used 54923K [0x00000000d5b80000, 0x00000000f5f80000, 0x0000000100000000)
  eden space 380416K, 0% used [0x00000000d5b80000,0x00000000d5b80000,0x00000000ecf00000)
  from space 57856K, 94% used [0x00000000f1080000,0x00000000f4622c80,0x00000000f4900000)
  to   space 67072K, 0% used [0x00000000ecf00000,0x00000000ecf00000,0x00000000f1080000)
 ParOldGen       total 463360K, used 179024K [0x0000000081200000, 0x000000009d680000, 0x00000000d5b80000)
  object space 463360K, 38% used [0x0000000081200000,0x000000008c0d43e8,0x000000009d680000)
 Metaspace       used 14297K, capacity 14504K, committed 14592K, reserved 1062912K
  class space    used 1678K, capacity 1747K, committed 1792K, reserved 1048576K
}
Event: 8.156 GC heap before
{Heap before GC invocations=31 (full 10):
 PSYoungGen      total 438272K, used 435339K [0x00000000d5b80000, 0x00000000f5f80000, 0x0000000100000000)
  eden space 380416K, 100% used [0x00000000d5b80000,0x00000000ecf00000,0x00000000ecf00000)
  from space 57856K, 94% used [0x00000000f1080000,0x00000000f4622c80,0x00000000f4900000)
  to   space 67072K, 0% used [0x00000000ecf00000,0x00000000ecf00000,0x00000000f1080000)
 ParOldGen       total 463360K, used 209454K [0x0000000081200000, 0x000000009d680000, 0x00000000d5b80000)
  object space 463360K, 45% used [0x0000000081200000,0x000000008de8baf8,0x000000009d680000)
 Metaspace       used 14307K, capacity 14504K, committed 14592K, reserved 1062912K
  class space    used 1678K, capacity 1747K, committed 1792K, reserved 1048576K
Event: 8.174 GC heap after
Heap after GC invocations=31 (full 10):
 PSYoungGen      total 447488K, used 65681K [0x00000000d5b80000, 0x00000000fad80000, 0x0000000100000000)
  eden space 380416K, 0% used [0x00000000d5b80000,0x00000000d5b80000,0x00000000ecf00000)
  from space 67072K, 97% used [0x00000000ecf00000,0x00000000f0f244c0,0x00000000f1080000)
  to   space 78336K, 0% used [0x00000000f6100000,0x00000000f6100000,0x00000000fad80000)
 ParOldGen       total 463360K, used 209462K [0x0000000081200000, 0x000000009d680000, 0x00000000d5b80000)
  object space 463360K, 45% used [0x0000000081200000,0x000000008de8daf8,0x000000009d680000)
 Metaspace       used 14307K, capacity 14504K, committed 14592K, reserved 1062912K
  class space    used 1678K, capacity 1747K, committed 1792K, reserved 1048576K
}
Event: 8.681 GC heap before
{Heap before GC invocations=32 (full 10):
 PSYoungGen      total 447488K, used 446097K [0x00000000d5b80000, 0x00000000fad80000, 0x0000000100000000)
  eden space 380416K, 100% used [0x00000000d5b80000,0x00000000ecf00000,0x00000000ecf00000)
  from space 67072K, 97% used [0x00000000ecf00000,0x00000000f0f244c0,0x00000000f1080000)
  to   space 78336K, 0% used [0x00000000f6100000,0x00000000f6100000,0x00000000fad80000)
 ParOldGen       total 463360K, used 334459K [0x0000000081200000, 0x000000009d680000, 0x00000000d5b80000)
  object space 463360K, 72% used [0x0000000081200000,0x000000009589ef28,0x000000009d680000)
 Metaspace       used 14329K, capacity 14504K, committed 14592K, reserved 1062912K
  class space    used 1678K, capacity 1747K, committed 1792K, reserved 1048576K
Event: 8.708 GC heap after
Heap after GC invocations=32 (full 10):
 PSYoungGen      total 516608K, used 76417K [0x00000000d5b80000, 0x00000000fc980000, 0x0000000100000000)
  eden space 438272K, 0% used [0x00000000d5b80000,0x00000000d5b80000,0x00000000f0780000)
  from space 78336K, 97% used [0x00000000f6100000,0x00000000faba0640,0x00000000fad80000)
  to   space 91648K, 0% used [0x00000000f0780000,0x00000000f0780000,0x00000000f6100000)
 ParOldGen       total 463360K, used 354150K [0x0000000081200000, 0x000000009d680000, 0x00000000d5b80000)
  object space 463360K, 76% used [0x0000000081200000,0x0000000096bd9b58,0x000000009d680000)
 Metaspace       used 14329K, capacity 14504K, committed 14592K, reserved 1062912K
  class space    used 1678K, capacity 1747K, committed 1792K, reserved 1048576K
}

